2023-07-29 13:25:47,377:WARNING:
'cuml' is a soft dependency and not included in the pycaret installation. Please run: `pip install cuml` to install.
2023-07-29 13:25:47,377:WARNING:
'cuml' is a soft dependency and not included in the pycaret installation. Please run: `pip install cuml` to install.
2023-07-29 13:25:47,377:WARNING:
'cuml' is a soft dependency and not included in the pycaret installation. Please run: `pip install cuml` to install.
2023-07-29 13:25:47,377:WARNING:
'cuml' is a soft dependency and not included in the pycaret installation. Please run: `pip install cuml` to install.
2023-07-29 13:25:47,873:INFO:PyCaret RegressionExperiment
2023-07-29 13:25:47,873:INFO:Logging name: reg-default-name
2023-07-29 13:25:47,873:INFO:ML Usecase: MLUsecase.REGRESSION
2023-07-29 13:25:47,873:INFO:version 3.0.4
2023-07-29 13:25:47,873:INFO:Initializing setup()
2023-07-29 13:25:47,873:INFO:self.USI: 6e76
2023-07-29 13:25:47,873:INFO:self._variable_keys: {'y_test', 'pipeline', 'log_plots_param', 'y_train', '_ml_usecase', 'html_param', 'fold_generator', 'exp_id', 'X_test', 'n_jobs_param', 'fold_shuffle_param', 'gpu_param', '_available_plots', 'exp_name_log', 'fold_groups_param', 'X_train', 'X', 'USI', 'data', 'y', 'seed', 'idx', 'transform_target_param', 'gpu_n_jobs_param', 'target_param', 'logging_param', 'memory'}
2023-07-29 13:25:47,873:INFO:Checking environment
2023-07-29 13:25:47,873:INFO:python_version: 3.10.6
2023-07-29 13:25:47,873:INFO:python_build: ('main', 'May 29 2023 11:10:38')
2023-07-29 13:25:47,873:INFO:machine: x86_64
2023-07-29 13:25:47,873:INFO:platform: Linux-5.15.109+-x86_64-with-glibc2.35
2023-07-29 13:25:47,874:INFO:Memory: svmem(total=13613314048, available=11896979456, percent=12.6, used=1390239744, free=7752302592, active=677675008, inactive=4878905344, buffers=349892608, cached=4120879104, shared=2273280, slab=195297280)
2023-07-29 13:25:47,874:INFO:Physical Core: 1
2023-07-29 13:25:47,874:INFO:Logical Core: 2
2023-07-29 13:25:47,875:INFO:Checking libraries
2023-07-29 13:25:47,875:INFO:System:
2023-07-29 13:25:47,875:INFO:    python: 3.10.6 (main, May 29 2023, 11:10:38) [GCC 11.3.0]
2023-07-29 13:25:47,875:INFO:executable: /usr/bin/python3
2023-07-29 13:25:47,875:INFO:   machine: Linux-5.15.109+-x86_64-with-glibc2.35
2023-07-29 13:25:47,875:INFO:PyCaret required dependencies:
2023-07-29 13:25:47,880:INFO:                 pip: 23.1.2
2023-07-29 13:25:47,880:INFO:          setuptools: 67.7.2
2023-07-29 13:25:47,880:INFO:             pycaret: 3.0.4
2023-07-29 13:25:47,880:INFO:             IPython: 7.34.0
2023-07-29 13:25:47,880:INFO:          ipywidgets: 7.7.1
2023-07-29 13:25:47,880:INFO:                tqdm: 4.65.0
2023-07-29 13:25:47,880:INFO:               numpy: 1.22.4
2023-07-29 13:25:47,880:INFO:              pandas: 1.5.3
2023-07-29 13:25:47,880:INFO:              jinja2: 3.1.2
2023-07-29 13:25:47,880:INFO:               scipy: 1.10.1
2023-07-29 13:25:47,880:INFO:              joblib: 1.3.1
2023-07-29 13:25:47,880:INFO:             sklearn: 1.2.2
2023-07-29 13:25:47,880:INFO:                pyod: 1.1.0
2023-07-29 13:25:47,880:INFO:            imblearn: 0.10.1
2023-07-29 13:25:47,880:INFO:   category_encoders: 2.6.1
2023-07-29 13:25:47,880:INFO:            lightgbm: 3.3.5
2023-07-29 13:25:47,880:INFO:               numba: 0.56.4
2023-07-29 13:25:47,880:INFO:            requests: 2.27.1
2023-07-29 13:25:47,880:INFO:          matplotlib: 3.7.1
2023-07-29 13:25:47,880:INFO:          scikitplot: 0.3.7
2023-07-29 13:25:47,880:INFO:         yellowbrick: 1.5
2023-07-29 13:25:47,881:INFO:              plotly: 5.13.1
2023-07-29 13:25:47,881:INFO:    plotly-resampler: Not installed
2023-07-29 13:25:47,881:INFO:             kaleido: 0.2.1
2023-07-29 13:25:47,881:INFO:           schemdraw: 0.15
2023-07-29 13:25:47,881:INFO:         statsmodels: 0.13.5
2023-07-29 13:25:47,881:INFO:              sktime: 0.21.0
2023-07-29 13:25:47,881:INFO:               tbats: 1.1.3
2023-07-29 13:25:47,881:INFO:            pmdarima: 2.0.3
2023-07-29 13:25:47,881:INFO:              psutil: 5.9.5
2023-07-29 13:25:47,881:INFO:          markupsafe: 2.1.3
2023-07-29 13:25:47,881:INFO:             pickle5: Not installed
2023-07-29 13:25:47,881:INFO:         cloudpickle: 2.2.1
2023-07-29 13:25:47,881:INFO:         deprecation: 2.1.0
2023-07-29 13:25:47,881:INFO:              xxhash: 3.3.0
2023-07-29 13:25:47,881:INFO:           wurlitzer: 3.0.3
2023-07-29 13:25:47,881:INFO:PyCaret optional dependencies:
2023-07-29 13:25:47,918:INFO:                shap: Not installed
2023-07-29 13:25:47,918:INFO:           interpret: Not installed
2023-07-29 13:25:47,918:INFO:                umap: Not installed
2023-07-29 13:25:47,918:INFO:    pandas_profiling: Not installed
2023-07-29 13:25:47,919:INFO:  explainerdashboard: Not installed
2023-07-29 13:25:47,919:INFO:             autoviz: Not installed
2023-07-29 13:25:47,919:INFO:           fairlearn: Not installed
2023-07-29 13:25:47,919:INFO:          deepchecks: Not installed
2023-07-29 13:25:47,919:INFO:             xgboost: 1.7.6
2023-07-29 13:25:47,919:INFO:            catboost: Not installed
2023-07-29 13:25:47,919:INFO:              kmodes: Not installed
2023-07-29 13:25:47,919:INFO:             mlxtend: 0.22.0
2023-07-29 13:25:47,919:INFO:       statsforecast: Not installed
2023-07-29 13:25:47,919:INFO:        tune_sklearn: Not installed
2023-07-29 13:25:47,919:INFO:                 ray: Not installed
2023-07-29 13:25:47,919:INFO:            hyperopt: 0.2.7
2023-07-29 13:25:47,919:INFO:              optuna: Not installed
2023-07-29 13:25:47,919:INFO:               skopt: Not installed
2023-07-29 13:25:47,919:INFO:              mlflow: Not installed
2023-07-29 13:25:47,919:INFO:              gradio: Not installed
2023-07-29 13:25:47,919:INFO:             fastapi: Not installed
2023-07-29 13:25:47,919:INFO:             uvicorn: Not installed
2023-07-29 13:25:47,919:INFO:              m2cgen: Not installed
2023-07-29 13:25:47,919:INFO:           evidently: Not installed
2023-07-29 13:25:47,919:INFO:               fugue: Not installed
2023-07-29 13:25:47,919:INFO:           streamlit: Not installed
2023-07-29 13:25:47,919:INFO:             prophet: 1.1.4
2023-07-29 13:25:47,919:INFO:None
2023-07-29 13:25:47,919:INFO:Set up data.
2023-07-29 13:25:47,950:INFO:Set up train/test split.
2023-07-29 13:25:47,954:INFO:Set up index.
2023-07-29 13:25:47,954:INFO:Set up folding strategy.
2023-07-29 13:25:47,954:INFO:Assigning column types.
2023-07-29 13:25:47,958:INFO:Engine successfully changes for model 'lr' to 'sklearn'.
2023-07-29 13:25:47,958:INFO:Engine for model 'lasso' has not been set explicitly, hence returning None.
2023-07-29 13:25:47,966:INFO:Engine for model 'ridge' has not been set explicitly, hence returning None.
2023-07-29 13:25:47,973:INFO:Engine for model 'en' has not been set explicitly, hence returning None.
2023-07-29 13:25:48,071:INFO:Engine for model 'svm' has not been set explicitly, hence returning None.
2023-07-29 13:25:48,144:INFO:Engine for model 'knn' has not been set explicitly, hence returning None.
2023-07-29 13:25:48,148:INFO:Soft dependency imported: xgboost: 1.7.6
2023-07-29 13:25:49,185:WARNING:
'catboost' is a soft dependency and not included in the pycaret installation. Please run: `pip install catboost` to install.
Alternately, you can install this by running `pip install pycaret[models]`
2023-07-29 13:25:49,185:INFO:Engine for model 'lasso' has not been set explicitly, hence returning None.
2023-07-29 13:25:49,189:INFO:Engine for model 'ridge' has not been set explicitly, hence returning None.
2023-07-29 13:25:49,193:INFO:Engine for model 'en' has not been set explicitly, hence returning None.
2023-07-29 13:25:49,255:INFO:Engine for model 'svm' has not been set explicitly, hence returning None.
2023-07-29 13:25:49,292:INFO:Engine for model 'knn' has not been set explicitly, hence returning None.
2023-07-29 13:25:49,292:INFO:Soft dependency imported: xgboost: 1.7.6
2023-07-29 13:25:49,295:WARNING:
'catboost' is a soft dependency and not included in the pycaret installation. Please run: `pip install catboost` to install.
Alternately, you can install this by running `pip install pycaret[models]`
2023-07-29 13:25:49,295:INFO:Engine successfully changes for model 'lasso' to 'sklearn'.
2023-07-29 13:25:49,301:INFO:Engine for model 'ridge' has not been set explicitly, hence returning None.
2023-07-29 13:25:49,307:INFO:Engine for model 'en' has not been set explicitly, hence returning None.
2023-07-29 13:25:49,475:INFO:Engine for model 'svm' has not been set explicitly, hence returning None.
2023-07-29 13:25:49,553:INFO:Engine for model 'knn' has not been set explicitly, hence returning None.
2023-07-29 13:25:49,554:INFO:Soft dependency imported: xgboost: 1.7.6
2023-07-29 13:25:49,558:WARNING:
'catboost' is a soft dependency and not included in the pycaret installation. Please run: `pip install catboost` to install.
Alternately, you can install this by running `pip install pycaret[models]`
2023-07-29 13:25:49,582:INFO:Engine for model 'ridge' has not been set explicitly, hence returning None.
2023-07-29 13:25:49,589:INFO:Engine for model 'en' has not been set explicitly, hence returning None.
2023-07-29 13:25:49,724:INFO:Engine for model 'svm' has not been set explicitly, hence returning None.
2023-07-29 13:25:49,801:INFO:Engine for model 'knn' has not been set explicitly, hence returning None.
2023-07-29 13:25:49,801:INFO:Soft dependency imported: xgboost: 1.7.6
2023-07-29 13:25:49,805:WARNING:
'catboost' is a soft dependency and not included in the pycaret installation. Please run: `pip install catboost` to install.
Alternately, you can install this by running `pip install pycaret[models]`
2023-07-29 13:25:49,806:INFO:Engine successfully changes for model 'ridge' to 'sklearn'.
2023-07-29 13:25:49,820:INFO:Engine for model 'en' has not been set explicitly, hence returning None.
2023-07-29 13:25:50,025:INFO:Engine for model 'svm' has not been set explicitly, hence returning None.
2023-07-29 13:25:50,155:INFO:Engine for model 'knn' has not been set explicitly, hence returning None.
2023-07-29 13:25:50,156:INFO:Soft dependency imported: xgboost: 1.7.6
2023-07-29 13:25:50,160:WARNING:
'catboost' is a soft dependency and not included in the pycaret installation. Please run: `pip install catboost` to install.
Alternately, you can install this by running `pip install pycaret[models]`
2023-07-29 13:25:50,177:INFO:Engine for model 'en' has not been set explicitly, hence returning None.
2023-07-29 13:25:50,240:INFO:Engine for model 'svm' has not been set explicitly, hence returning None.
2023-07-29 13:25:50,277:INFO:Engine for model 'knn' has not been set explicitly, hence returning None.
2023-07-29 13:25:50,278:INFO:Soft dependency imported: xgboost: 1.7.6
2023-07-29 13:25:50,280:WARNING:
'catboost' is a soft dependency and not included in the pycaret installation. Please run: `pip install catboost` to install.
Alternately, you can install this by running `pip install pycaret[models]`
2023-07-29 13:25:50,280:INFO:Engine successfully changes for model 'en' to 'sklearn'.
2023-07-29 13:25:50,336:INFO:Engine for model 'svm' has not been set explicitly, hence returning None.
2023-07-29 13:25:50,376:INFO:Engine for model 'knn' has not been set explicitly, hence returning None.
2023-07-29 13:25:50,376:INFO:Soft dependency imported: xgboost: 1.7.6
2023-07-29 13:25:50,379:WARNING:
'catboost' is a soft dependency and not included in the pycaret installation. Please run: `pip install catboost` to install.
Alternately, you can install this by running `pip install pycaret[models]`
2023-07-29 13:25:50,436:INFO:Engine for model 'svm' has not been set explicitly, hence returning None.
2023-07-29 13:25:50,473:INFO:Engine for model 'knn' has not been set explicitly, hence returning None.
2023-07-29 13:25:50,474:INFO:Soft dependency imported: xgboost: 1.7.6
2023-07-29 13:25:50,476:WARNING:
'catboost' is a soft dependency and not included in the pycaret installation. Please run: `pip install catboost` to install.
Alternately, you can install this by running `pip install pycaret[models]`
2023-07-29 13:25:50,476:INFO:Engine successfully changes for model 'knn' to 'sklearn'.
2023-07-29 13:25:50,532:INFO:Engine for model 'svm' has not been set explicitly, hence returning None.
2023-07-29 13:25:50,575:INFO:Soft dependency imported: xgboost: 1.7.6
2023-07-29 13:25:50,577:WARNING:
'catboost' is a soft dependency and not included in the pycaret installation. Please run: `pip install catboost` to install.
Alternately, you can install this by running `pip install pycaret[models]`
2023-07-29 13:25:50,657:INFO:Engine for model 'svm' has not been set explicitly, hence returning None.
2023-07-29 13:25:50,708:INFO:Soft dependency imported: xgboost: 1.7.6
2023-07-29 13:25:50,710:WARNING:
'catboost' is a soft dependency and not included in the pycaret installation. Please run: `pip install catboost` to install.
Alternately, you can install this by running `pip install pycaret[models]`
2023-07-29 13:25:50,711:INFO:Engine successfully changes for model 'svm' to 'sklearn'.
2023-07-29 13:25:50,808:INFO:Soft dependency imported: xgboost: 1.7.6
2023-07-29 13:25:50,810:WARNING:
'catboost' is a soft dependency and not included in the pycaret installation. Please run: `pip install catboost` to install.
Alternately, you can install this by running `pip install pycaret[models]`
2023-07-29 13:25:50,905:INFO:Soft dependency imported: xgboost: 1.7.6
2023-07-29 13:25:50,909:WARNING:
'catboost' is a soft dependency and not included in the pycaret installation. Please run: `pip install catboost` to install.
Alternately, you can install this by running `pip install pycaret[models]`
2023-07-29 13:25:50,911:INFO:Preparing preprocessing pipeline...
2023-07-29 13:25:50,911:INFO:Set up simple imputation.
2023-07-29 13:25:50,912:INFO:Set up column name cleaning.
2023-07-29 13:25:50,932:INFO:Finished creating preprocessing pipeline.
2023-07-29 13:25:50,937:INFO:Pipeline: Pipeline(memory=FastMemory(location=/tmp/joblib),
         steps=[('numerical_imputer',
                 TransformerWrapper(include=['horsepower', 'citympg', 'car_ID',
                                             'symboling', 'aspiration_turbo',
                                             'doornumber_two',
                                             'carbody_hardtop',
                                             'carbody_hatchback',
                                             'carbody_sedan', 'carbody_wagon',
                                             'drivewheel_fwd', 'drivewheel_rwd',
                                             'enginetype_l', 'enginetype_ohc',
                                             'enginetype_ohcv',
                                             'enginetype...
                                             'CarBrand_audi', 'CarBrand_bmw',
                                             'CarBrand_chevrolet',
                                             'CarBrand_dodge', 'CarBrand_honda',
                                             'CarBrand_isuzu', 'CarBrand_maxda',
                                             'CarBrand_mazda', ...],
                                    transformer=SimpleImputer())),
                ('categorical_imputer',
                 TransformerWrapper(include=[],
                                    transformer=SimpleImputer(strategy='most_frequent'))),
                ('clean_column_names',
                 TransformerWrapper(transformer=CleanColumnNames()))])
2023-07-29 13:25:50,937:INFO:Creating final display dataframe.
2023-07-29 13:25:51,016:INFO:Setup _display_container:                     Description             Value
0                    Session id              7791
1                        Target             price
2                   Target type        Regression
3           Original data shape         (142, 43)
4        Transformed data shape         (142, 43)
5   Transformed train set shape          (99, 43)
6    Transformed test set shape          (43, 43)
7              Numeric features                42
8                    Preprocess              True
9               Imputation type            simple
10           Numeric imputation              mean
11       Categorical imputation              mode
12               Fold Generator             KFold
13                  Fold Number                10
14                     CPU Jobs                -1
15                      Use GPU             False
16               Log Experiment             False
17              Experiment Name  reg-default-name
18                          USI              6e76
2023-07-29 13:25:51,129:INFO:Soft dependency imported: xgboost: 1.7.6
2023-07-29 13:25:51,132:WARNING:
'catboost' is a soft dependency and not included in the pycaret installation. Please run: `pip install catboost` to install.
Alternately, you can install this by running `pip install pycaret[models]`
2023-07-29 13:25:51,239:INFO:Soft dependency imported: xgboost: 1.7.6
2023-07-29 13:25:51,242:WARNING:
'catboost' is a soft dependency and not included in the pycaret installation. Please run: `pip install catboost` to install.
Alternately, you can install this by running `pip install pycaret[models]`
2023-07-29 13:25:51,243:INFO:setup() successfully completed in 3.37s...............
2023-07-29 13:25:59,582:INFO:Initializing compare_models()
2023-07-29 13:25:59,583:INFO:compare_models(self=<pycaret.regression.oop.RegressionExperiment object at 0x783ffa6653f0>, include=None, fold=None, round=4, cross_validation=True, sort=R2, n_select=1, budget_time=None, turbo=True, errors=ignore, fit_kwargs=None, groups=None, experiment_custom_tags=None, probability_threshold=None, verbose=True, parallel=None, caller_params={'self': <pycaret.regression.oop.RegressionExperiment object at 0x783ffa6653f0>, 'include': None, 'exclude': None, 'fold': None, 'round': 4, 'cross_validation': True, 'sort': 'R2', 'n_select': 1, 'budget_time': None, 'turbo': True, 'errors': 'ignore', 'fit_kwargs': None, 'groups': None, 'experiment_custom_tags': None, 'engine': None, 'verbose': True, 'parallel': None, '__class__': <class 'pycaret.regression.oop.RegressionExperiment'>}, exclude=None)
2023-07-29 13:25:59,583:INFO:Checking exceptions
2023-07-29 13:25:59,591:INFO:Preparing display monitor
2023-07-29 13:25:59,762:INFO:Initializing Linear Regression
2023-07-29 13:25:59,763:INFO:Total runtime is 5.737940470377604e-06 minutes
2023-07-29 13:25:59,773:INFO:SubProcess create_model() called ==================================
2023-07-29 13:25:59,774:INFO:Initializing create_model()
2023-07-29 13:25:59,779:INFO:create_model(self=<pycaret.regression.oop.RegressionExperiment object at 0x783ffa6653f0>, estimator=lr, fold=KFold(n_splits=10, random_state=None, shuffle=False), round=4, cross_validation=True, predict=True, fit_kwargs={}, groups=None, refit=False, probability_threshold=None, experiment_custom_tags=None, verbose=False, system=False, add_to_model_list=True, metrics=None, display=<pycaret.internal.display.display.CommonDisplay object at 0x783fbd97d870>, model_only=True, return_train_score=False, kwargs={})
2023-07-29 13:25:59,779:INFO:Checking exceptions
2023-07-29 13:25:59,779:INFO:Importing libraries
2023-07-29 13:25:59,779:INFO:Copying training dataset
2023-07-29 13:25:59,787:INFO:Defining folds
2023-07-29 13:25:59,787:INFO:Declaring metric variables
2023-07-29 13:25:59,797:INFO:Importing untrained model
2023-07-29 13:25:59,806:INFO:Linear Regression Imported successfully
2023-07-29 13:25:59,846:INFO:Starting cross validation
2023-07-29 13:25:59,877:INFO:Cross validating with KFold(n_splits=10, random_state=None, shuffle=False), n_jobs=-1
2023-07-29 13:26:09,466:INFO:Calculating mean and std
2023-07-29 13:26:09,470:INFO:Creating metrics dataframe
2023-07-29 13:26:09,482:INFO:Uploading results into container
2023-07-29 13:26:09,483:INFO:Uploading model into container now
2023-07-29 13:26:09,483:INFO:_master_model_container: 1
2023-07-29 13:26:09,484:INFO:_display_container: 2
2023-07-29 13:26:09,484:INFO:LinearRegression(n_jobs=-1)
2023-07-29 13:26:09,484:INFO:create_model() successfully completed......................................
2023-07-29 13:26:09,885:INFO:SubProcess create_model() end ==================================
2023-07-29 13:26:09,885:INFO:Creating metrics dataframe
2023-07-29 13:26:09,902:INFO:Initializing Lasso Regression
2023-07-29 13:26:09,902:INFO:Total runtime is 0.16899466514587402 minutes
2023-07-29 13:26:09,909:INFO:SubProcess create_model() called ==================================
2023-07-29 13:26:09,909:INFO:Initializing create_model()
2023-07-29 13:26:09,909:INFO:create_model(self=<pycaret.regression.oop.RegressionExperiment object at 0x783ffa6653f0>, estimator=lasso, fold=KFold(n_splits=10, random_state=None, shuffle=False), round=4, cross_validation=True, predict=True, fit_kwargs={}, groups=None, refit=False, probability_threshold=None, experiment_custom_tags=None, verbose=False, system=False, add_to_model_list=True, metrics=None, display=<pycaret.internal.display.display.CommonDisplay object at 0x783fbd97d870>, model_only=True, return_train_score=False, kwargs={})
2023-07-29 13:26:09,909:INFO:Checking exceptions
2023-07-29 13:26:09,909:INFO:Importing libraries
2023-07-29 13:26:09,909:INFO:Copying training dataset
2023-07-29 13:26:09,919:INFO:Defining folds
2023-07-29 13:26:09,919:INFO:Declaring metric variables
2023-07-29 13:26:09,933:INFO:Importing untrained model
2023-07-29 13:26:09,946:INFO:Lasso Regression Imported successfully
2023-07-29 13:26:09,966:INFO:Starting cross validation
2023-07-29 13:26:09,967:INFO:Cross validating with KFold(n_splits=10, random_state=None, shuffle=False), n_jobs=-1
2023-07-29 13:26:10,143:WARNING:/usr/local/lib/python3.10/dist-packages/sklearn/linear_model/_coordinate_descent.py:631: ConvergenceWarning: Objective did not converge. You might want to increase the number of iterations, check the scale of the features or consider increasing regularisation. Duality gap: 1.952e+07, tolerance: 2.049e+05
  model = cd_fast.enet_coordinate_descent(

2023-07-29 13:26:10,152:WARNING:/usr/local/lib/python3.10/dist-packages/sklearn/linear_model/_coordinate_descent.py:631: ConvergenceWarning: Objective did not converge. You might want to increase the number of iterations, check the scale of the features or consider increasing regularisation. Duality gap: 1.932e+07, tolerance: 2.000e+05
  model = cd_fast.enet_coordinate_descent(

2023-07-29 13:26:10,286:WARNING:/usr/local/lib/python3.10/dist-packages/sklearn/linear_model/_coordinate_descent.py:631: ConvergenceWarning: Objective did not converge. You might want to increase the number of iterations, check the scale of the features or consider increasing regularisation. Duality gap: 1.679e+07, tolerance: 2.055e+05
  model = cd_fast.enet_coordinate_descent(

2023-07-29 13:26:10,405:WARNING:/usr/local/lib/python3.10/dist-packages/sklearn/linear_model/_coordinate_descent.py:631: ConvergenceWarning: Objective did not converge. You might want to increase the number of iterations, check the scale of the features or consider increasing regularisation. Duality gap: 4.678e+06, tolerance: 1.685e+05
  model = cd_fast.enet_coordinate_descent(

2023-07-29 13:26:10,460:WARNING:/usr/local/lib/python3.10/dist-packages/sklearn/linear_model/_coordinate_descent.py:631: ConvergenceWarning: Objective did not converge. You might want to increase the number of iterations, check the scale of the features or consider increasing regularisation. Duality gap: 1.195e+07, tolerance: 1.980e+05
  model = cd_fast.enet_coordinate_descent(

2023-07-29 13:26:10,649:WARNING:/usr/local/lib/python3.10/dist-packages/sklearn/linear_model/_coordinate_descent.py:631: ConvergenceWarning: Objective did not converge. You might want to increase the number of iterations, check the scale of the features or consider increasing regularisation. Duality gap: 1.948e+07, tolerance: 1.880e+05
  model = cd_fast.enet_coordinate_descent(

2023-07-29 13:26:10,651:WARNING:/usr/local/lib/python3.10/dist-packages/sklearn/linear_model/_coordinate_descent.py:631: ConvergenceWarning: Objective did not converge. You might want to increase the number of iterations, check the scale of the features or consider increasing regularisation. Duality gap: 1.186e+07, tolerance: 1.973e+05
  model = cd_fast.enet_coordinate_descent(

2023-07-29 13:26:10,786:WARNING:/usr/local/lib/python3.10/dist-packages/sklearn/linear_model/_coordinate_descent.py:631: ConvergenceWarning: Objective did not converge. You might want to increase the number of iterations, check the scale of the features or consider increasing regularisation. Duality gap: 1.667e+07, tolerance: 1.952e+05
  model = cd_fast.enet_coordinate_descent(

2023-07-29 13:26:10,834:WARNING:/usr/local/lib/python3.10/dist-packages/sklearn/linear_model/_coordinate_descent.py:631: ConvergenceWarning: Objective did not converge. You might want to increase the number of iterations, check the scale of the features or consider increasing regularisation. Duality gap: 2.281e+07, tolerance: 2.003e+05
  model = cd_fast.enet_coordinate_descent(

2023-07-29 13:26:10,902:WARNING:/usr/local/lib/python3.10/dist-packages/sklearn/linear_model/_coordinate_descent.py:631: ConvergenceWarning: Objective did not converge. You might want to increase the number of iterations, check the scale of the features or consider increasing regularisation. Duality gap: 1.568e+07, tolerance: 1.846e+05
  model = cd_fast.enet_coordinate_descent(

2023-07-29 13:26:10,931:INFO:Calculating mean and std
2023-07-29 13:26:10,933:INFO:Creating metrics dataframe
2023-07-29 13:26:10,959:INFO:Uploading results into container
2023-07-29 13:26:10,960:INFO:Uploading model into container now
2023-07-29 13:26:10,960:INFO:_master_model_container: 2
2023-07-29 13:26:10,960:INFO:_display_container: 2
2023-07-29 13:26:10,961:INFO:Lasso(random_state=7791)
2023-07-29 13:26:10,961:INFO:create_model() successfully completed......................................
2023-07-29 13:26:11,256:INFO:SubProcess create_model() end ==================================
2023-07-29 13:26:11,256:INFO:Creating metrics dataframe
2023-07-29 13:26:11,299:INFO:Initializing Ridge Regression
2023-07-29 13:26:11,299:INFO:Total runtime is 0.19228418270746866 minutes
2023-07-29 13:26:11,309:INFO:SubProcess create_model() called ==================================
2023-07-29 13:26:11,310:INFO:Initializing create_model()
2023-07-29 13:26:11,310:INFO:create_model(self=<pycaret.regression.oop.RegressionExperiment object at 0x783ffa6653f0>, estimator=ridge, fold=KFold(n_splits=10, random_state=None, shuffle=False), round=4, cross_validation=True, predict=True, fit_kwargs={}, groups=None, refit=False, probability_threshold=None, experiment_custom_tags=None, verbose=False, system=False, add_to_model_list=True, metrics=None, display=<pycaret.internal.display.display.CommonDisplay object at 0x783fbd97d870>, model_only=True, return_train_score=False, kwargs={})
2023-07-29 13:26:11,315:INFO:Checking exceptions
2023-07-29 13:26:11,316:INFO:Importing libraries
2023-07-29 13:26:11,316:INFO:Copying training dataset
2023-07-29 13:26:11,326:INFO:Defining folds
2023-07-29 13:26:11,326:INFO:Declaring metric variables
2023-07-29 13:26:11,341:INFO:Importing untrained model
2023-07-29 13:26:11,351:INFO:Ridge Regression Imported successfully
2023-07-29 13:26:11,377:INFO:Starting cross validation
2023-07-29 13:26:11,381:INFO:Cross validating with KFold(n_splits=10, random_state=None, shuffle=False), n_jobs=-1
2023-07-29 13:26:12,077:INFO:Calculating mean and std
2023-07-29 13:26:12,078:INFO:Creating metrics dataframe
2023-07-29 13:26:12,086:INFO:Uploading results into container
2023-07-29 13:26:12,095:INFO:Uploading model into container now
2023-07-29 13:26:12,100:INFO:_master_model_container: 3
2023-07-29 13:26:12,100:INFO:_display_container: 2
2023-07-29 13:26:12,101:INFO:Ridge(random_state=7791)
2023-07-29 13:26:12,101:INFO:create_model() successfully completed......................................
2023-07-29 13:26:12,273:INFO:SubProcess create_model() end ==================================
2023-07-29 13:26:12,274:INFO:Creating metrics dataframe
2023-07-29 13:26:12,294:INFO:Initializing Elastic Net
2023-07-29 13:26:12,294:INFO:Total runtime is 0.20886301199595134 minutes
2023-07-29 13:26:12,318:INFO:SubProcess create_model() called ==================================
2023-07-29 13:26:12,318:INFO:Initializing create_model()
2023-07-29 13:26:12,318:INFO:create_model(self=<pycaret.regression.oop.RegressionExperiment object at 0x783ffa6653f0>, estimator=en, fold=KFold(n_splits=10, random_state=None, shuffle=False), round=4, cross_validation=True, predict=True, fit_kwargs={}, groups=None, refit=False, probability_threshold=None, experiment_custom_tags=None, verbose=False, system=False, add_to_model_list=True, metrics=None, display=<pycaret.internal.display.display.CommonDisplay object at 0x783fbd97d870>, model_only=True, return_train_score=False, kwargs={})
2023-07-29 13:26:12,318:INFO:Checking exceptions
2023-07-29 13:26:12,318:INFO:Importing libraries
2023-07-29 13:26:12,318:INFO:Copying training dataset
2023-07-29 13:26:12,337:INFO:Defining folds
2023-07-29 13:26:12,337:INFO:Declaring metric variables
2023-07-29 13:26:12,363:INFO:Importing untrained model
2023-07-29 13:26:12,373:INFO:Elastic Net Imported successfully
2023-07-29 13:26:12,402:INFO:Starting cross validation
2023-07-29 13:26:12,405:INFO:Cross validating with KFold(n_splits=10, random_state=None, shuffle=False), n_jobs=-1
2023-07-29 13:26:13,138:INFO:Calculating mean and std
2023-07-29 13:26:13,150:INFO:Creating metrics dataframe
2023-07-29 13:26:13,168:INFO:Uploading results into container
2023-07-29 13:26:13,169:INFO:Uploading model into container now
2023-07-29 13:26:13,169:INFO:_master_model_container: 4
2023-07-29 13:26:13,169:INFO:_display_container: 2
2023-07-29 13:26:13,181:INFO:ElasticNet(random_state=7791)
2023-07-29 13:26:13,181:INFO:create_model() successfully completed......................................
2023-07-29 13:26:13,516:INFO:SubProcess create_model() end ==================================
2023-07-29 13:26:13,516:INFO:Creating metrics dataframe
2023-07-29 13:26:13,552:INFO:Initializing Least Angle Regression
2023-07-29 13:26:13,553:INFO:Total runtime is 0.22984126408894856 minutes
2023-07-29 13:26:13,584:INFO:SubProcess create_model() called ==================================
2023-07-29 13:26:13,584:INFO:Initializing create_model()
2023-07-29 13:26:13,585:INFO:create_model(self=<pycaret.regression.oop.RegressionExperiment object at 0x783ffa6653f0>, estimator=lar, fold=KFold(n_splits=10, random_state=None, shuffle=False), round=4, cross_validation=True, predict=True, fit_kwargs={}, groups=None, refit=False, probability_threshold=None, experiment_custom_tags=None, verbose=False, system=False, add_to_model_list=True, metrics=None, display=<pycaret.internal.display.display.CommonDisplay object at 0x783fbd97d870>, model_only=True, return_train_score=False, kwargs={})
2023-07-29 13:26:13,585:INFO:Checking exceptions
2023-07-29 13:26:13,585:INFO:Importing libraries
2023-07-29 13:26:13,585:INFO:Copying training dataset
2023-07-29 13:26:13,597:INFO:Defining folds
2023-07-29 13:26:13,600:INFO:Declaring metric variables
2023-07-29 13:26:13,614:INFO:Importing untrained model
2023-07-29 13:26:13,629:INFO:Least Angle Regression Imported successfully
2023-07-29 13:26:13,647:INFO:Starting cross validation
2023-07-29 13:26:13,651:INFO:Cross validating with KFold(n_splits=10, random_state=None, shuffle=False), n_jobs=-1
2023-07-29 13:26:14,020:WARNING:/usr/local/lib/python3.10/dist-packages/sklearn/linear_model/_least_angle.py:648: ConvergenceWarning: Regressors in active set degenerate. Dropping a regressor, after 30 iterations, i.e. alpha=3.530e+01, with an active set of 26 regressors, and the smallest cholesky pivot element being 2.220e-16. Reduce max_iter or increase eps parameters.
  warnings.warn(

2023-07-29 13:26:14,021:WARNING:/usr/local/lib/python3.10/dist-packages/sklearn/linear_model/_least_angle.py:735: RuntimeWarning: overflow encountered in true_divide
  g2 = arrayfuncs.min_pos((C + Cov) / (AA + corr_eq_dir + tiny32))

2023-07-29 13:26:14,026:WARNING:/usr/local/lib/python3.10/dist-packages/sklearn/linear_model/_least_angle.py:648: ConvergenceWarning: Regressors in active set degenerate. Dropping a regressor, after 47 iterations, i.e. alpha=4.998e+00, with an active set of 39 regressors, and the smallest cholesky pivot element being 2.220e-16. Reduce max_iter or increase eps parameters.
  warnings.warn(

2023-07-29 13:26:14,062:WARNING:/usr/local/lib/python3.10/dist-packages/sklearn/linear_model/_least_angle.py:648: ConvergenceWarning: Regressors in active set degenerate. Dropping a regressor, after 38 iterations, i.e. alpha=2.001e+01, with an active set of 33 regressors, and the smallest cholesky pivot element being 2.220e-16. Reduce max_iter or increase eps parameters.
  warnings.warn(

2023-07-29 13:26:14,087:WARNING:/usr/local/lib/python3.10/dist-packages/sklearn/linear_model/_least_angle.py:731: RuntimeWarning: overflow encountered in true_divide
  g1 = arrayfuncs.min_pos((C - Cov) / (AA - corr_eq_dir + tiny32))

2023-07-29 13:26:14,099:WARNING:/usr/local/lib/python3.10/dist-packages/sklearn/linear_model/_least_angle.py:772: RuntimeWarning: overflow encountered in multiply
  coef[active] = prev_coef[active] + gamma_ * least_squares

2023-07-29 13:26:14,101:WARNING:/usr/local/lib/python3.10/dist-packages/sklearn/linear_model/_least_angle.py:735: RuntimeWarning: overflow encountered in true_divide
  g2 = arrayfuncs.min_pos((C + Cov) / (AA + corr_eq_dir + tiny32))

2023-07-29 13:26:14,101:WARNING:/usr/local/lib/python3.10/dist-packages/sklearn/linear_model/_least_angle.py:772: RuntimeWarning: overflow encountered in add
  coef[active] = prev_coef[active] + gamma_ * least_squares

2023-07-29 13:26:14,101:WARNING:/usr/local/lib/python3.10/dist-packages/sklearn/linear_model/_least_angle.py:740: RuntimeWarning: overflow encountered in true_divide
  z = -coef[active] / (least_squares + tiny32)

2023-07-29 13:26:14,106:WARNING:/usr/local/lib/python3.10/dist-packages/sklearn/linear_model/_least_angle.py:648: ConvergenceWarning: Regressors in active set degenerate. Dropping a regressor, after 116 iterations, i.e. alpha=2.628e+35, with an active set of 39 regressors, and the smallest cholesky pivot element being 2.220e-16. Reduce max_iter or increase eps parameters.
  warnings.warn(

2023-07-29 13:26:14,210:WARNING:/usr/local/lib/python3.10/dist-packages/sklearn/utils/extmath.py:189: RuntimeWarning: overflow encountered in matmul
  ret = a @ b

2023-07-29 13:26:14,210:WARNING:/usr/local/lib/python3.10/dist-packages/sklearn/utils/extmath.py:189: RuntimeWarning: invalid value encountered in matmul
  ret = a @ b

2023-07-29 13:26:14,217:WARNING:/usr/local/lib/python3.10/dist-packages/pycaret/internal/metrics.py:192: FitFailedWarning: Metric 'make_scorer(root_mean_squared_log_error, greater_is_better=False)' failed and error score 0.0 has been returned instead. If this is a custom metric, this usually means that the error is in the metric code. Full exception below:
Traceback (most recent call last):
  File "/usr/local/lib/python3.10/dist-packages/pycaret/internal/metrics.py", line 184, in _score
    return super()._score(
  File "/usr/local/lib/python3.10/dist-packages/sklearn/metrics/_scorer.py", line 282, in _score
    return self._sign * self._score_func(y_true, y_pred, **self._kwargs)
  File "/usr/local/lib/python3.10/dist-packages/pycaret/containers/metrics/regression.py", line 209, in root_mean_squared_log_error
    metrics.mean_squared_log_error(
  File "/usr/local/lib/python3.10/dist-packages/sklearn/metrics/_regression.py", line 519, in mean_squared_log_error
    y_type, y_true, y_pred, multioutput = _check_reg_targets(
  File "/usr/local/lib/python3.10/dist-packages/sklearn/metrics/_regression.py", line 102, in _check_reg_targets
    y_pred = check_array(y_pred, ensure_2d=False, dtype=dtype)
  File "/usr/local/lib/python3.10/dist-packages/sklearn/utils/validation.py", line 921, in check_array
    _assert_all_finite(
  File "/usr/local/lib/python3.10/dist-packages/sklearn/utils/validation.py", line 161, in _assert_all_finite
    raise ValueError(msg_err)
ValueError: Input contains NaN.

  warnings.warn(

2023-07-29 13:26:14,218:WARNING:/usr/local/lib/python3.10/dist-packages/sklearn/linear_model/_least_angle.py:648: ConvergenceWarning: Regressors in active set degenerate. Dropping a regressor, after 26 iterations, i.e. alpha=1.599e+01, with an active set of 25 regressors, and the smallest cholesky pivot element being 2.220e-16. Reduce max_iter or increase eps parameters.
  warnings.warn(

2023-07-29 13:26:14,218:WARNING:/usr/local/lib/python3.10/dist-packages/pycaret/internal/metrics.py:192: FitFailedWarning: Metric 'make_scorer(mean_absolute_percentage_error, greater_is_better=False)' failed and error score 0.0 has been returned instead. If this is a custom metric, this usually means that the error is in the metric code. Full exception below:
Traceback (most recent call last):
  File "/usr/local/lib/python3.10/dist-packages/pycaret/internal/metrics.py", line 184, in _score
    return super()._score(
  File "/usr/local/lib/python3.10/dist-packages/sklearn/metrics/_scorer.py", line 282, in _score
    return self._sign * self._score_func(y_true, y_pred, **self._kwargs)
  File "/usr/local/lib/python3.10/dist-packages/pycaret/containers/metrics/regression.py", line 233, in mean_absolute_percentage_error
    y_type, y_true, y_pred, multioutput = _check_reg_targets(
  File "/usr/local/lib/python3.10/dist-packages/sklearn/metrics/_regression.py", line 102, in _check_reg_targets
    y_pred = check_array(y_pred, ensure_2d=False, dtype=dtype)
  File "/usr/local/lib/python3.10/dist-packages/sklearn/utils/validation.py", line 921, in check_array
    _assert_all_finite(
  File "/usr/local/lib/python3.10/dist-packages/sklearn/utils/validation.py", line 161, in _assert_all_finite
    raise ValueError(msg_err)
ValueError: Input contains NaN.

  warnings.warn(

2023-07-29 13:26:14,219:WARNING:/usr/local/lib/python3.10/dist-packages/sklearn/linear_model/_least_angle.py:648: ConvergenceWarning: Regressors in active set degenerate. Dropping a regressor, after 31 iterations, i.e. alpha=9.652e+00, with an active set of 29 regressors, and the smallest cholesky pivot element being 2.220e-16. Reduce max_iter or increase eps parameters.
  warnings.warn(

2023-07-29 13:26:14,222:WARNING:/usr/local/lib/python3.10/dist-packages/sklearn/model_selection/_validation.py:794: UserWarning: Scoring failed. The score on this train-test partition for these parameters will be set to 0. Details: 
Traceback (most recent call last):
  File "/usr/local/lib/python3.10/dist-packages/sklearn/metrics/_scorer.py", line 115, in __call__
    score = scorer._score(cached_call, estimator, *args, **kwargs)
  File "/usr/local/lib/python3.10/dist-packages/sklearn/metrics/_scorer.py", line 282, in _score
    return self._sign * self._score_func(y_true, y_pred, **self._kwargs)
  File "/usr/local/lib/python3.10/dist-packages/sklearn/metrics/_regression.py", line 196, in mean_absolute_error
    y_type, y_true, y_pred, multioutput = _check_reg_targets(
  File "/usr/local/lib/python3.10/dist-packages/sklearn/metrics/_regression.py", line 102, in _check_reg_targets
    y_pred = check_array(y_pred, ensure_2d=False, dtype=dtype)
  File "/usr/local/lib/python3.10/dist-packages/sklearn/utils/validation.py", line 921, in check_array
    _assert_all_finite(
  File "/usr/local/lib/python3.10/dist-packages/sklearn/utils/validation.py", line 161, in _assert_all_finite
    raise ValueError(msg_err)
ValueError: Input contains NaN.

  warnings.warn(

2023-07-29 13:26:14,222:WARNING:/usr/local/lib/python3.10/dist-packages/sklearn/model_selection/_validation.py:794: UserWarning: Scoring failed. The score on this train-test partition for these parameters will be set to 0. Details: 
Traceback (most recent call last):
  File "/usr/local/lib/python3.10/dist-packages/sklearn/metrics/_scorer.py", line 115, in __call__
    score = scorer._score(cached_call, estimator, *args, **kwargs)
  File "/usr/local/lib/python3.10/dist-packages/sklearn/metrics/_scorer.py", line 282, in _score
    return self._sign * self._score_func(y_true, y_pred, **self._kwargs)
  File "/usr/local/lib/python3.10/dist-packages/sklearn/metrics/_regression.py", line 442, in mean_squared_error
    y_type, y_true, y_pred, multioutput = _check_reg_targets(
  File "/usr/local/lib/python3.10/dist-packages/sklearn/metrics/_regression.py", line 102, in _check_reg_targets
    y_pred = check_array(y_pred, ensure_2d=False, dtype=dtype)
  File "/usr/local/lib/python3.10/dist-packages/sklearn/utils/validation.py", line 921, in check_array
    _assert_all_finite(
  File "/usr/local/lib/python3.10/dist-packages/sklearn/utils/validation.py", line 161, in _assert_all_finite
    raise ValueError(msg_err)
ValueError: Input contains NaN.

  warnings.warn(

2023-07-29 13:26:14,222:WARNING:/usr/local/lib/python3.10/dist-packages/sklearn/model_selection/_validation.py:794: UserWarning: Scoring failed. The score on this train-test partition for these parameters will be set to 0. Details: 
Traceback (most recent call last):
  File "/usr/local/lib/python3.10/dist-packages/sklearn/metrics/_scorer.py", line 115, in __call__
    score = scorer._score(cached_call, estimator, *args, **kwargs)
  File "/usr/local/lib/python3.10/dist-packages/sklearn/metrics/_scorer.py", line 282, in _score
    return self._sign * self._score_func(y_true, y_pred, **self._kwargs)
  File "/usr/local/lib/python3.10/dist-packages/sklearn/metrics/_regression.py", line 911, in r2_score
    y_type, y_true, y_pred, multioutput = _check_reg_targets(
  File "/usr/local/lib/python3.10/dist-packages/sklearn/metrics/_regression.py", line 102, in _check_reg_targets
    y_pred = check_array(y_pred, ensure_2d=False, dtype=dtype)
  File "/usr/local/lib/python3.10/dist-packages/sklearn/utils/validation.py", line 921, in check_array
    _assert_all_finite(
  File "/usr/local/lib/python3.10/dist-packages/sklearn/utils/validation.py", line 161, in _assert_all_finite
    raise ValueError(msg_err)
ValueError: Input contains NaN.

  warnings.warn(

2023-07-29 13:26:14,430:WARNING:/usr/local/lib/python3.10/dist-packages/sklearn/linear_model/_least_angle.py:648: ConvergenceWarning: Regressors in active set degenerate. Dropping a regressor, after 45 iterations, i.e. alpha=6.601e-05, with an active set of 37 regressors, and the smallest cholesky pivot element being 2.220e-16. Reduce max_iter or increase eps parameters.
  warnings.warn(

2023-07-29 13:26:14,691:WARNING:/usr/local/lib/python3.10/dist-packages/sklearn/linear_model/_least_angle.py:648: ConvergenceWarning: Regressors in active set degenerate. Dropping a regressor, after 47 iterations, i.e. alpha=2.785e+01, with an active set of 38 regressors, and the smallest cholesky pivot element being 2.220e-16. Reduce max_iter or increase eps parameters.
  warnings.warn(

2023-07-29 13:26:14,692:WARNING:/usr/local/lib/python3.10/dist-packages/sklearn/linear_model/_least_angle.py:648: ConvergenceWarning: Regressors in active set degenerate. Dropping a regressor, after 47 iterations, i.e. alpha=2.161e+01, with an active set of 38 regressors, and the smallest cholesky pivot element being 2.220e-16. Reduce max_iter or increase eps parameters.
  warnings.warn(

2023-07-29 13:26:14,693:WARNING:/usr/local/lib/python3.10/dist-packages/sklearn/linear_model/_least_angle.py:648: ConvergenceWarning: Regressors in active set degenerate. Dropping a regressor, after 52 iterations, i.e. alpha=4.035e+01, with an active set of 40 regressors, and the smallest cholesky pivot element being 2.220e-16. Reduce max_iter or increase eps parameters.
  warnings.warn(

2023-07-29 13:26:14,735:WARNING:/usr/local/lib/python3.10/dist-packages/sklearn/linear_model/_least_angle.py:648: ConvergenceWarning: Regressors in active set degenerate. Dropping a regressor, after 46 iterations, i.e. alpha=3.543e+01, with an active set of 38 regressors, and the smallest cholesky pivot element being 2.220e-16. Reduce max_iter or increase eps parameters.
  warnings.warn(

2023-07-29 13:26:14,738:WARNING:/usr/local/lib/python3.10/dist-packages/sklearn/linear_model/_least_angle.py:648: ConvergenceWarning: Regressors in active set degenerate. Dropping a regressor, after 52 iterations, i.e. alpha=2.257e+04, with an active set of 40 regressors, and the smallest cholesky pivot element being 2.220e-16. Reduce max_iter or increase eps parameters.
  warnings.warn(

2023-07-29 13:26:14,809:INFO:Calculating mean and std
2023-07-29 13:26:14,813:INFO:Creating metrics dataframe
2023-07-29 13:26:14,827:INFO:Uploading results into container
2023-07-29 13:26:14,828:INFO:Uploading model into container now
2023-07-29 13:26:14,828:INFO:_master_model_container: 5
2023-07-29 13:26:14,829:INFO:_display_container: 2
2023-07-29 13:26:14,829:INFO:Lars(random_state=7791)
2023-07-29 13:26:14,829:INFO:create_model() successfully completed......................................
2023-07-29 13:26:15,037:INFO:SubProcess create_model() end ==================================
2023-07-29 13:26:15,037:INFO:Creating metrics dataframe
2023-07-29 13:26:15,072:INFO:Initializing Lasso Least Angle Regression
2023-07-29 13:26:15,072:INFO:Total runtime is 0.2551713943481445 minutes
2023-07-29 13:26:15,085:INFO:SubProcess create_model() called ==================================
2023-07-29 13:26:15,086:INFO:Initializing create_model()
2023-07-29 13:26:15,086:INFO:create_model(self=<pycaret.regression.oop.RegressionExperiment object at 0x783ffa6653f0>, estimator=llar, fold=KFold(n_splits=10, random_state=None, shuffle=False), round=4, cross_validation=True, predict=True, fit_kwargs={}, groups=None, refit=False, probability_threshold=None, experiment_custom_tags=None, verbose=False, system=False, add_to_model_list=True, metrics=None, display=<pycaret.internal.display.display.CommonDisplay object at 0x783fbd97d870>, model_only=True, return_train_score=False, kwargs={})
2023-07-29 13:26:15,086:INFO:Checking exceptions
2023-07-29 13:26:15,086:INFO:Importing libraries
2023-07-29 13:26:15,086:INFO:Copying training dataset
2023-07-29 13:26:15,108:INFO:Defining folds
2023-07-29 13:26:15,108:INFO:Declaring metric variables
2023-07-29 13:26:15,131:INFO:Importing untrained model
2023-07-29 13:26:15,144:INFO:Lasso Least Angle Regression Imported successfully
2023-07-29 13:26:15,172:INFO:Starting cross validation
2023-07-29 13:26:15,173:INFO:Cross validating with KFold(n_splits=10, random_state=None, shuffle=False), n_jobs=-1
2023-07-29 13:26:15,372:WARNING:/usr/local/lib/python3.10/dist-packages/sklearn/linear_model/_least_angle.py:648: ConvergenceWarning: Regressors in active set degenerate. Dropping a regressor, after 60 iterations, i.e. alpha=2.135e+00, with an active set of 36 regressors, and the smallest cholesky pivot element being 2.220e-16. Reduce max_iter or increase eps parameters.
  warnings.warn(

2023-07-29 13:26:15,439:WARNING:/usr/local/lib/python3.10/dist-packages/sklearn/linear_model/_least_angle.py:648: ConvergenceWarning: Regressors in active set degenerate. Dropping a regressor, after 46 iterations, i.e. alpha=4.105e+00, with an active set of 34 regressors, and the smallest cholesky pivot element being 2.220e-16. Reduce max_iter or increase eps parameters.
  warnings.warn(

2023-07-29 13:26:15,440:WARNING:/usr/local/lib/python3.10/dist-packages/sklearn/linear_model/_least_angle.py:678: ConvergenceWarning: Early stopping the lars path, as the residues are small and the current value of alpha is no longer well controlled. 47 iterations, alpha=4.089e+00, previous alpha=3.683e+00, with an active set of 34 regressors.
  warnings.warn(

2023-07-29 13:26:15,678:WARNING:/usr/local/lib/python3.10/dist-packages/sklearn/linear_model/_least_angle.py:648: ConvergenceWarning: Regressors in active set degenerate. Dropping a regressor, after 49 iterations, i.e. alpha=2.661e+00, with an active set of 35 regressors, and the smallest cholesky pivot element being 2.220e-16. Reduce max_iter or increase eps parameters.
  warnings.warn(

2023-07-29 13:26:15,693:WARNING:/usr/local/lib/python3.10/dist-packages/sklearn/linear_model/_least_angle.py:678: ConvergenceWarning: Early stopping the lars path, as the residues are small and the current value of alpha is no longer well controlled. 62 iterations, alpha=1.407e+00, previous alpha=1.129e+00, with an active set of 39 regressors.
  warnings.warn(

2023-07-29 13:26:15,882:WARNING:/usr/local/lib/python3.10/dist-packages/sklearn/linear_model/_least_angle.py:648: ConvergenceWarning: Regressors in active set degenerate. Dropping a regressor, after 28 iterations, i.e. alpha=1.674e+01, with an active set of 26 regressors, and the smallest cholesky pivot element being 2.220e-16. Reduce max_iter or increase eps parameters.
  warnings.warn(

2023-07-29 13:26:15,887:WARNING:/usr/local/lib/python3.10/dist-packages/sklearn/linear_model/_least_angle.py:678: ConvergenceWarning: Early stopping the lars path, as the residues are small and the current value of alpha is no longer well controlled. 50 iterations, alpha=1.543e+00, previous alpha=1.330e+00, with an active set of 37 regressors.
  warnings.warn(

2023-07-29 13:26:16,062:WARNING:/usr/local/lib/python3.10/dist-packages/sklearn/linear_model/_least_angle.py:648: ConvergenceWarning: Regressors in active set degenerate. Dropping a regressor, after 52 iterations, i.e. alpha=3.484e+00, with an active set of 34 regressors, and the smallest cholesky pivot element being 2.220e-16. Reduce max_iter or increase eps parameters.
  warnings.warn(

2023-07-29 13:26:16,067:WARNING:/usr/local/lib/python3.10/dist-packages/sklearn/linear_model/_least_angle.py:678: ConvergenceWarning: Early stopping the lars path, as the residues are small and the current value of alpha is no longer well controlled. 65 iterations, alpha=1.953e+00, previous alpha=1.928e+00, with an active set of 36 regressors.
  warnings.warn(

2023-07-29 13:26:16,315:WARNING:/usr/local/lib/python3.10/dist-packages/sklearn/linear_model/_least_angle.py:678: ConvergenceWarning: Early stopping the lars path, as the residues are small and the current value of alpha is no longer well controlled. 36 iterations, alpha=1.053e+01, previous alpha=1.052e+01, with an active set of 29 regressors.
  warnings.warn(

2023-07-29 13:26:16,501:WARNING:/usr/local/lib/python3.10/dist-packages/sklearn/linear_model/_least_angle.py:648: ConvergenceWarning: Regressors in active set degenerate. Dropping a regressor, after 25 iterations, i.e. alpha=1.780e+01, with an active set of 21 regressors, and the smallest cholesky pivot element being 2.220e-16. Reduce max_iter or increase eps parameters.
  warnings.warn(

2023-07-29 13:26:16,503:WARNING:/usr/local/lib/python3.10/dist-packages/sklearn/linear_model/_least_angle.py:648: ConvergenceWarning: Regressors in active set degenerate. Dropping a regressor, after 35 iterations, i.e. alpha=8.220e+00, with an active set of 29 regressors, and the smallest cholesky pivot element being 2.220e-16. Reduce max_iter or increase eps parameters.
  warnings.warn(

2023-07-29 13:26:16,504:WARNING:/usr/local/lib/python3.10/dist-packages/sklearn/linear_model/_least_angle.py:648: ConvergenceWarning: Regressors in active set degenerate. Dropping a regressor, after 35 iterations, i.e. alpha=6.899e+00, with an active set of 29 regressors, and the smallest cholesky pivot element being 2.220e-16. Reduce max_iter or increase eps parameters.
  warnings.warn(

2023-07-29 13:26:16,512:WARNING:/usr/local/lib/python3.10/dist-packages/sklearn/linear_model/_least_angle.py:678: ConvergenceWarning: Early stopping the lars path, as the residues are small and the current value of alpha is no longer well controlled. 36 iterations, alpha=7.887e+00, previous alpha=6.669e+00, with an active set of 29 regressors.
  warnings.warn(

2023-07-29 13:26:16,589:INFO:Calculating mean and std
2023-07-29 13:26:16,594:INFO:Creating metrics dataframe
2023-07-29 13:26:16,608:INFO:Uploading results into container
2023-07-29 13:26:16,609:INFO:Uploading model into container now
2023-07-29 13:26:16,610:INFO:_master_model_container: 6
2023-07-29 13:26:16,610:INFO:_display_container: 2
2023-07-29 13:26:16,610:INFO:LassoLars(random_state=7791)
2023-07-29 13:26:16,610:INFO:create_model() successfully completed......................................
2023-07-29 13:26:16,798:INFO:SubProcess create_model() end ==================================
2023-07-29 13:26:16,798:INFO:Creating metrics dataframe
2023-07-29 13:26:16,813:INFO:Initializing Orthogonal Matching Pursuit
2023-07-29 13:26:16,813:INFO:Total runtime is 0.2841846505800883 minutes
2023-07-29 13:26:16,831:INFO:SubProcess create_model() called ==================================
2023-07-29 13:26:16,837:INFO:Initializing create_model()
2023-07-29 13:26:16,837:INFO:create_model(self=<pycaret.regression.oop.RegressionExperiment object at 0x783ffa6653f0>, estimator=omp, fold=KFold(n_splits=10, random_state=None, shuffle=False), round=4, cross_validation=True, predict=True, fit_kwargs={}, groups=None, refit=False, probability_threshold=None, experiment_custom_tags=None, verbose=False, system=False, add_to_model_list=True, metrics=None, display=<pycaret.internal.display.display.CommonDisplay object at 0x783fbd97d870>, model_only=True, return_train_score=False, kwargs={})
2023-07-29 13:26:16,837:INFO:Checking exceptions
2023-07-29 13:26:16,837:INFO:Importing libraries
2023-07-29 13:26:16,837:INFO:Copying training dataset
2023-07-29 13:26:16,874:INFO:Defining folds
2023-07-29 13:26:16,876:INFO:Declaring metric variables
2023-07-29 13:26:16,892:INFO:Importing untrained model
2023-07-29 13:26:16,916:INFO:Orthogonal Matching Pursuit Imported successfully
2023-07-29 13:26:16,949:INFO:Starting cross validation
2023-07-29 13:26:16,953:INFO:Cross validating with KFold(n_splits=10, random_state=None, shuffle=False), n_jobs=-1
2023-07-29 13:26:18,023:INFO:Calculating mean and std
2023-07-29 13:26:18,025:INFO:Creating metrics dataframe
2023-07-29 13:26:18,037:INFO:Uploading results into container
2023-07-29 13:26:18,042:INFO:Uploading model into container now
2023-07-29 13:26:18,043:INFO:_master_model_container: 7
2023-07-29 13:26:18,043:INFO:_display_container: 2
2023-07-29 13:26:18,043:INFO:OrthogonalMatchingPursuit()
2023-07-29 13:26:18,043:INFO:create_model() successfully completed......................................
2023-07-29 13:26:18,336:INFO:SubProcess create_model() end ==================================
2023-07-29 13:26:18,343:INFO:Creating metrics dataframe
2023-07-29 13:26:18,378:INFO:Initializing Bayesian Ridge
2023-07-29 13:26:18,378:INFO:Total runtime is 0.3102642774581909 minutes
2023-07-29 13:26:18,397:INFO:SubProcess create_model() called ==================================
2023-07-29 13:26:18,398:INFO:Initializing create_model()
2023-07-29 13:26:18,398:INFO:create_model(self=<pycaret.regression.oop.RegressionExperiment object at 0x783ffa6653f0>, estimator=br, fold=KFold(n_splits=10, random_state=None, shuffle=False), round=4, cross_validation=True, predict=True, fit_kwargs={}, groups=None, refit=False, probability_threshold=None, experiment_custom_tags=None, verbose=False, system=False, add_to_model_list=True, metrics=None, display=<pycaret.internal.display.display.CommonDisplay object at 0x783fbd97d870>, model_only=True, return_train_score=False, kwargs={})
2023-07-29 13:26:18,398:INFO:Checking exceptions
2023-07-29 13:26:18,398:INFO:Importing libraries
2023-07-29 13:26:18,398:INFO:Copying training dataset
2023-07-29 13:26:18,416:INFO:Defining folds
2023-07-29 13:26:18,418:INFO:Declaring metric variables
2023-07-29 13:26:18,434:INFO:Importing untrained model
2023-07-29 13:26:18,450:INFO:Bayesian Ridge Imported successfully
2023-07-29 13:26:18,481:INFO:Starting cross validation
2023-07-29 13:26:18,483:INFO:Cross validating with KFold(n_splits=10, random_state=None, shuffle=False), n_jobs=-1
2023-07-29 13:26:20,043:INFO:Calculating mean and std
2023-07-29 13:26:20,045:INFO:Creating metrics dataframe
2023-07-29 13:26:20,061:INFO:Uploading results into container
2023-07-29 13:26:20,062:INFO:Uploading model into container now
2023-07-29 13:26:20,064:INFO:_master_model_container: 8
2023-07-29 13:26:20,064:INFO:_display_container: 2
2023-07-29 13:26:20,079:INFO:BayesianRidge()
2023-07-29 13:26:20,079:INFO:create_model() successfully completed......................................
2023-07-29 13:26:20,381:INFO:SubProcess create_model() end ==================================
2023-07-29 13:26:20,381:INFO:Creating metrics dataframe
2023-07-29 13:26:20,415:INFO:Initializing Passive Aggressive Regressor
2023-07-29 13:26:20,416:INFO:Total runtime is 0.3442244013150533 minutes
2023-07-29 13:26:20,432:INFO:SubProcess create_model() called ==================================
2023-07-29 13:26:20,432:INFO:Initializing create_model()
2023-07-29 13:26:20,432:INFO:create_model(self=<pycaret.regression.oop.RegressionExperiment object at 0x783ffa6653f0>, estimator=par, fold=KFold(n_splits=10, random_state=None, shuffle=False), round=4, cross_validation=True, predict=True, fit_kwargs={}, groups=None, refit=False, probability_threshold=None, experiment_custom_tags=None, verbose=False, system=False, add_to_model_list=True, metrics=None, display=<pycaret.internal.display.display.CommonDisplay object at 0x783fbd97d870>, model_only=True, return_train_score=False, kwargs={})
2023-07-29 13:26:20,432:INFO:Checking exceptions
2023-07-29 13:26:20,433:INFO:Importing libraries
2023-07-29 13:26:20,433:INFO:Copying training dataset
2023-07-29 13:26:20,449:INFO:Defining folds
2023-07-29 13:26:20,449:INFO:Declaring metric variables
2023-07-29 13:26:20,496:INFO:Importing untrained model
2023-07-29 13:26:20,521:INFO:Passive Aggressive Regressor Imported successfully
2023-07-29 13:26:20,574:INFO:Starting cross validation
2023-07-29 13:26:20,580:INFO:Cross validating with KFold(n_splits=10, random_state=None, shuffle=False), n_jobs=-1
2023-07-29 13:26:21,028:WARNING:/usr/local/lib/python3.10/dist-packages/sklearn/linear_model/_stochastic_gradient.py:1548: ConvergenceWarning: Maximum number of iteration reached before convergence. Consider increasing max_iter to improve the fit.
  warnings.warn(

2023-07-29 13:26:21,602:WARNING:/usr/local/lib/python3.10/dist-packages/pycaret/internal/pipeline.py:260: UserWarning: Persisting input arguments took 0.60s to run.If this happens often in your code, it can cause performance problems (results will be correct in all cases). The reason for this is probably some large input arguments for a wrapped function.
  fitted_estimator = self._memory_fit(

2023-07-29 13:26:21,675:WARNING:/usr/local/lib/python3.10/dist-packages/pycaret/internal/pipeline.py:260: UserWarning: Persisting input arguments took 0.65s to run.If this happens often in your code, it can cause performance problems (results will be correct in all cases). The reason for this is probably some large input arguments for a wrapped function.
  fitted_estimator = self._memory_fit(

2023-07-29 13:26:22,752:WARNING:/usr/local/lib/python3.10/dist-packages/pycaret/internal/pipeline.py:260: UserWarning: Persisting input arguments took 0.60s to run.If this happens often in your code, it can cause performance problems (results will be correct in all cases). The reason for this is probably some large input arguments for a wrapped function.
  fitted_estimator = self._memory_fit(

2023-07-29 13:26:23,111:WARNING:/usr/local/lib/python3.10/dist-packages/sklearn/linear_model/_stochastic_gradient.py:1548: ConvergenceWarning: Maximum number of iteration reached before convergence. Consider increasing max_iter to improve the fit.
  warnings.warn(

2023-07-29 13:26:24,078:INFO:Calculating mean and std
2023-07-29 13:26:24,080:INFO:Creating metrics dataframe
2023-07-29 13:26:24,087:INFO:Uploading results into container
2023-07-29 13:26:24,107:INFO:Uploading model into container now
2023-07-29 13:26:24,107:INFO:_master_model_container: 9
2023-07-29 13:26:24,107:INFO:_display_container: 2
2023-07-29 13:26:24,108:INFO:PassiveAggressiveRegressor(random_state=7791)
2023-07-29 13:26:24,108:INFO:create_model() successfully completed......................................
2023-07-29 13:26:24,517:INFO:SubProcess create_model() end ==================================
2023-07-29 13:26:24,517:INFO:Creating metrics dataframe
2023-07-29 13:26:24,570:INFO:Initializing Huber Regressor
2023-07-29 13:26:24,570:INFO:Total runtime is 0.4134605685869852 minutes
2023-07-29 13:26:24,588:INFO:SubProcess create_model() called ==================================
2023-07-29 13:26:24,588:INFO:Initializing create_model()
2023-07-29 13:26:24,588:INFO:create_model(self=<pycaret.regression.oop.RegressionExperiment object at 0x783ffa6653f0>, estimator=huber, fold=KFold(n_splits=10, random_state=None, shuffle=False), round=4, cross_validation=True, predict=True, fit_kwargs={}, groups=None, refit=False, probability_threshold=None, experiment_custom_tags=None, verbose=False, system=False, add_to_model_list=True, metrics=None, display=<pycaret.internal.display.display.CommonDisplay object at 0x783fbd97d870>, model_only=True, return_train_score=False, kwargs={})
2023-07-29 13:26:24,588:INFO:Checking exceptions
2023-07-29 13:26:24,588:INFO:Importing libraries
2023-07-29 13:26:24,588:INFO:Copying training dataset
2023-07-29 13:26:24,607:INFO:Defining folds
2023-07-29 13:26:24,607:INFO:Declaring metric variables
2023-07-29 13:26:24,633:INFO:Importing untrained model
2023-07-29 13:26:24,647:INFO:Huber Regressor Imported successfully
2023-07-29 13:26:24,699:INFO:Starting cross validation
2023-07-29 13:26:24,703:INFO:Cross validating with KFold(n_splits=10, random_state=None, shuffle=False), n_jobs=-1
2023-07-29 13:26:25,102:WARNING:/usr/local/lib/python3.10/dist-packages/sklearn/linear_model/_huber.py:342: ConvergenceWarning: lbfgs failed to converge (status=1):
STOP: TOTAL NO. of ITERATIONS REACHED LIMIT.

Increase the number of iterations (max_iter) or scale the data as shown in:
    https://scikit-learn.org/stable/modules/preprocessing.html
  self.n_iter_ = _check_optimize_result("lbfgs", opt_res, self.max_iter)

2023-07-29 13:26:25,158:WARNING:/usr/local/lib/python3.10/dist-packages/sklearn/linear_model/_huber.py:342: ConvergenceWarning: lbfgs failed to converge (status=1):
STOP: TOTAL NO. of ITERATIONS REACHED LIMIT.

Increase the number of iterations (max_iter) or scale the data as shown in:
    https://scikit-learn.org/stable/modules/preprocessing.html
  self.n_iter_ = _check_optimize_result("lbfgs", opt_res, self.max_iter)

2023-07-29 13:26:25,590:WARNING:/usr/local/lib/python3.10/dist-packages/sklearn/linear_model/_huber.py:342: ConvergenceWarning: lbfgs failed to converge (status=1):
STOP: TOTAL NO. of ITERATIONS REACHED LIMIT.

Increase the number of iterations (max_iter) or scale the data as shown in:
    https://scikit-learn.org/stable/modules/preprocessing.html
  self.n_iter_ = _check_optimize_result("lbfgs", opt_res, self.max_iter)

2023-07-29 13:26:25,634:WARNING:/usr/local/lib/python3.10/dist-packages/sklearn/linear_model/_huber.py:342: ConvergenceWarning: lbfgs failed to converge (status=1):
STOP: TOTAL NO. of ITERATIONS REACHED LIMIT.

Increase the number of iterations (max_iter) or scale the data as shown in:
    https://scikit-learn.org/stable/modules/preprocessing.html
  self.n_iter_ = _check_optimize_result("lbfgs", opt_res, self.max_iter)

2023-07-29 13:26:25,797:WARNING:/usr/local/lib/python3.10/dist-packages/sklearn/linear_model/_huber.py:342: ConvergenceWarning: lbfgs failed to converge (status=1):
STOP: TOTAL NO. of ITERATIONS REACHED LIMIT.

Increase the number of iterations (max_iter) or scale the data as shown in:
    https://scikit-learn.org/stable/modules/preprocessing.html
  self.n_iter_ = _check_optimize_result("lbfgs", opt_res, self.max_iter)

2023-07-29 13:26:25,885:WARNING:/usr/local/lib/python3.10/dist-packages/sklearn/linear_model/_huber.py:342: ConvergenceWarning: lbfgs failed to converge (status=1):
STOP: TOTAL NO. of ITERATIONS REACHED LIMIT.

Increase the number of iterations (max_iter) or scale the data as shown in:
    https://scikit-learn.org/stable/modules/preprocessing.html
  self.n_iter_ = _check_optimize_result("lbfgs", opt_res, self.max_iter)

2023-07-29 13:26:25,997:WARNING:/usr/local/lib/python3.10/dist-packages/sklearn/linear_model/_huber.py:342: ConvergenceWarning: lbfgs failed to converge (status=1):
STOP: TOTAL NO. of ITERATIONS REACHED LIMIT.

Increase the number of iterations (max_iter) or scale the data as shown in:
    https://scikit-learn.org/stable/modules/preprocessing.html
  self.n_iter_ = _check_optimize_result("lbfgs", opt_res, self.max_iter)

2023-07-29 13:26:26,360:WARNING:/usr/local/lib/python3.10/dist-packages/sklearn/linear_model/_huber.py:342: ConvergenceWarning: lbfgs failed to converge (status=1):
STOP: TOTAL NO. of ITERATIONS REACHED LIMIT.

Increase the number of iterations (max_iter) or scale the data as shown in:
    https://scikit-learn.org/stable/modules/preprocessing.html
  self.n_iter_ = _check_optimize_result("lbfgs", opt_res, self.max_iter)

2023-07-29 13:26:26,551:WARNING:/usr/local/lib/python3.10/dist-packages/sklearn/linear_model/_huber.py:342: ConvergenceWarning: lbfgs failed to converge (status=1):
STOP: TOTAL NO. of ITERATIONS REACHED LIMIT.

Increase the number of iterations (max_iter) or scale the data as shown in:
    https://scikit-learn.org/stable/modules/preprocessing.html
  self.n_iter_ = _check_optimize_result("lbfgs", opt_res, self.max_iter)

2023-07-29 13:26:26,814:WARNING:/usr/local/lib/python3.10/dist-packages/sklearn/linear_model/_huber.py:342: ConvergenceWarning: lbfgs failed to converge (status=1):
STOP: TOTAL NO. of ITERATIONS REACHED LIMIT.

Increase the number of iterations (max_iter) or scale the data as shown in:
    https://scikit-learn.org/stable/modules/preprocessing.html
  self.n_iter_ = _check_optimize_result("lbfgs", opt_res, self.max_iter)

2023-07-29 13:26:26,943:INFO:Calculating mean and std
2023-07-29 13:26:26,944:INFO:Creating metrics dataframe
2023-07-29 13:26:26,959:INFO:Uploading results into container
2023-07-29 13:26:26,960:INFO:Uploading model into container now
2023-07-29 13:26:26,960:INFO:_master_model_container: 10
2023-07-29 13:26:26,960:INFO:_display_container: 2
2023-07-29 13:26:26,962:INFO:HuberRegressor()
2023-07-29 13:26:26,962:INFO:create_model() successfully completed......................................
2023-07-29 13:26:27,188:INFO:SubProcess create_model() end ==================================
2023-07-29 13:26:27,188:INFO:Creating metrics dataframe
2023-07-29 13:26:27,219:INFO:Initializing K Neighbors Regressor
2023-07-29 13:26:27,219:INFO:Total runtime is 0.4576090176900227 minutes
2023-07-29 13:26:27,224:INFO:SubProcess create_model() called ==================================
2023-07-29 13:26:27,225:INFO:Initializing create_model()
2023-07-29 13:26:27,226:INFO:create_model(self=<pycaret.regression.oop.RegressionExperiment object at 0x783ffa6653f0>, estimator=knn, fold=KFold(n_splits=10, random_state=None, shuffle=False), round=4, cross_validation=True, predict=True, fit_kwargs={}, groups=None, refit=False, probability_threshold=None, experiment_custom_tags=None, verbose=False, system=False, add_to_model_list=True, metrics=None, display=<pycaret.internal.display.display.CommonDisplay object at 0x783fbd97d870>, model_only=True, return_train_score=False, kwargs={})
2023-07-29 13:26:27,226:INFO:Checking exceptions
2023-07-29 13:26:27,226:INFO:Importing libraries
2023-07-29 13:26:27,227:INFO:Copying training dataset
2023-07-29 13:26:27,242:INFO:Defining folds
2023-07-29 13:26:27,242:INFO:Declaring metric variables
2023-07-29 13:26:27,252:INFO:Importing untrained model
2023-07-29 13:26:27,261:INFO:K Neighbors Regressor Imported successfully
2023-07-29 13:26:27,278:INFO:Starting cross validation
2023-07-29 13:26:27,280:INFO:Cross validating with KFold(n_splits=10, random_state=None, shuffle=False), n_jobs=-1
2023-07-29 13:26:28,113:INFO:Calculating mean and std
2023-07-29 13:26:28,114:INFO:Creating metrics dataframe
2023-07-29 13:26:28,139:INFO:Uploading results into container
2023-07-29 13:26:28,143:INFO:Uploading model into container now
2023-07-29 13:26:28,144:INFO:_master_model_container: 11
2023-07-29 13:26:28,144:INFO:_display_container: 2
2023-07-29 13:26:28,144:INFO:KNeighborsRegressor(n_jobs=-1)
2023-07-29 13:26:28,144:INFO:create_model() successfully completed......................................
2023-07-29 13:26:28,394:INFO:SubProcess create_model() end ==================================
2023-07-29 13:26:28,394:INFO:Creating metrics dataframe
2023-07-29 13:26:28,418:INFO:Initializing Decision Tree Regressor
2023-07-29 13:26:28,418:INFO:Total runtime is 0.4775966604550679 minutes
2023-07-29 13:26:28,429:INFO:SubProcess create_model() called ==================================
2023-07-29 13:26:28,430:INFO:Initializing create_model()
2023-07-29 13:26:28,430:INFO:create_model(self=<pycaret.regression.oop.RegressionExperiment object at 0x783ffa6653f0>, estimator=dt, fold=KFold(n_splits=10, random_state=None, shuffle=False), round=4, cross_validation=True, predict=True, fit_kwargs={}, groups=None, refit=False, probability_threshold=None, experiment_custom_tags=None, verbose=False, system=False, add_to_model_list=True, metrics=None, display=<pycaret.internal.display.display.CommonDisplay object at 0x783fbd97d870>, model_only=True, return_train_score=False, kwargs={})
2023-07-29 13:26:28,430:INFO:Checking exceptions
2023-07-29 13:26:28,430:INFO:Importing libraries
2023-07-29 13:26:28,430:INFO:Copying training dataset
2023-07-29 13:26:28,452:INFO:Defining folds
2023-07-29 13:26:28,452:INFO:Declaring metric variables
2023-07-29 13:26:28,470:INFO:Importing untrained model
2023-07-29 13:26:28,481:INFO:Decision Tree Regressor Imported successfully
2023-07-29 13:26:28,502:INFO:Starting cross validation
2023-07-29 13:26:28,503:INFO:Cross validating with KFold(n_splits=10, random_state=None, shuffle=False), n_jobs=-1
2023-07-29 13:26:29,532:INFO:Calculating mean and std
2023-07-29 13:26:29,534:INFO:Creating metrics dataframe
2023-07-29 13:26:29,561:INFO:Uploading results into container
2023-07-29 13:26:29,564:INFO:Uploading model into container now
2023-07-29 13:26:29,567:INFO:_master_model_container: 12
2023-07-29 13:26:29,567:INFO:_display_container: 2
2023-07-29 13:26:29,567:INFO:DecisionTreeRegressor(random_state=7791)
2023-07-29 13:26:29,567:INFO:create_model() successfully completed......................................
2023-07-29 13:26:29,977:INFO:SubProcess create_model() end ==================================
2023-07-29 13:26:29,978:INFO:Creating metrics dataframe
2023-07-29 13:26:30,010:INFO:Initializing Random Forest Regressor
2023-07-29 13:26:30,010:INFO:Total runtime is 0.5041290561358133 minutes
2023-07-29 13:26:30,032:INFO:SubProcess create_model() called ==================================
2023-07-29 13:26:30,032:INFO:Initializing create_model()
2023-07-29 13:26:30,032:INFO:create_model(self=<pycaret.regression.oop.RegressionExperiment object at 0x783ffa6653f0>, estimator=rf, fold=KFold(n_splits=10, random_state=None, shuffle=False), round=4, cross_validation=True, predict=True, fit_kwargs={}, groups=None, refit=False, probability_threshold=None, experiment_custom_tags=None, verbose=False, system=False, add_to_model_list=True, metrics=None, display=<pycaret.internal.display.display.CommonDisplay object at 0x783fbd97d870>, model_only=True, return_train_score=False, kwargs={})
2023-07-29 13:26:30,032:INFO:Checking exceptions
2023-07-29 13:26:30,032:INFO:Importing libraries
2023-07-29 13:26:30,032:INFO:Copying training dataset
2023-07-29 13:26:30,058:INFO:Defining folds
2023-07-29 13:26:30,058:INFO:Declaring metric variables
2023-07-29 13:26:30,072:INFO:Importing untrained model
2023-07-29 13:26:30,092:INFO:Random Forest Regressor Imported successfully
2023-07-29 13:26:30,121:INFO:Starting cross validation
2023-07-29 13:26:30,122:INFO:Cross validating with KFold(n_splits=10, random_state=None, shuffle=False), n_jobs=-1
2023-07-29 13:26:35,632:INFO:Calculating mean and std
2023-07-29 13:26:35,634:INFO:Creating metrics dataframe
2023-07-29 13:26:35,655:INFO:Uploading results into container
2023-07-29 13:26:35,656:INFO:Uploading model into container now
2023-07-29 13:26:35,656:INFO:_master_model_container: 13
2023-07-29 13:26:35,665:INFO:_display_container: 2
2023-07-29 13:26:35,665:INFO:RandomForestRegressor(n_jobs=-1, random_state=7791)
2023-07-29 13:26:35,665:INFO:create_model() successfully completed......................................
2023-07-29 13:26:36,186:INFO:SubProcess create_model() end ==================================
2023-07-29 13:26:36,186:INFO:Creating metrics dataframe
2023-07-29 13:26:36,280:INFO:Initializing Extra Trees Regressor
2023-07-29 13:26:36,281:INFO:Total runtime is 0.608638807137807 minutes
2023-07-29 13:26:36,310:INFO:SubProcess create_model() called ==================================
2023-07-29 13:26:36,311:INFO:Initializing create_model()
2023-07-29 13:26:36,311:INFO:create_model(self=<pycaret.regression.oop.RegressionExperiment object at 0x783ffa6653f0>, estimator=et, fold=KFold(n_splits=10, random_state=None, shuffle=False), round=4, cross_validation=True, predict=True, fit_kwargs={}, groups=None, refit=False, probability_threshold=None, experiment_custom_tags=None, verbose=False, system=False, add_to_model_list=True, metrics=None, display=<pycaret.internal.display.display.CommonDisplay object at 0x783fbd97d870>, model_only=True, return_train_score=False, kwargs={})
2023-07-29 13:26:36,311:INFO:Checking exceptions
2023-07-29 13:26:36,311:INFO:Importing libraries
2023-07-29 13:26:36,311:INFO:Copying training dataset
2023-07-29 13:26:36,361:INFO:Defining folds
2023-07-29 13:26:36,361:INFO:Declaring metric variables
2023-07-29 13:26:36,389:INFO:Importing untrained model
2023-07-29 13:26:36,411:INFO:Extra Trees Regressor Imported successfully
2023-07-29 13:26:36,462:INFO:Starting cross validation
2023-07-29 13:26:36,468:INFO:Cross validating with KFold(n_splits=10, random_state=None, shuffle=False), n_jobs=-1
2023-07-29 13:26:41,863:INFO:Calculating mean and std
2023-07-29 13:26:41,864:INFO:Creating metrics dataframe
2023-07-29 13:26:41,889:INFO:Uploading results into container
2023-07-29 13:26:41,890:INFO:Uploading model into container now
2023-07-29 13:26:41,890:INFO:_master_model_container: 14
2023-07-29 13:26:41,890:INFO:_display_container: 2
2023-07-29 13:26:41,891:INFO:ExtraTreesRegressor(n_jobs=-1, random_state=7791)
2023-07-29 13:26:41,891:INFO:create_model() successfully completed......................................
2023-07-29 13:26:42,104:INFO:SubProcess create_model() end ==================================
2023-07-29 13:26:42,104:INFO:Creating metrics dataframe
2023-07-29 13:26:42,129:INFO:Initializing AdaBoost Regressor
2023-07-29 13:26:42,129:INFO:Total runtime is 0.7061140497525531 minutes
2023-07-29 13:26:42,140:INFO:SubProcess create_model() called ==================================
2023-07-29 13:26:42,141:INFO:Initializing create_model()
2023-07-29 13:26:42,141:INFO:create_model(self=<pycaret.regression.oop.RegressionExperiment object at 0x783ffa6653f0>, estimator=ada, fold=KFold(n_splits=10, random_state=None, shuffle=False), round=4, cross_validation=True, predict=True, fit_kwargs={}, groups=None, refit=False, probability_threshold=None, experiment_custom_tags=None, verbose=False, system=False, add_to_model_list=True, metrics=None, display=<pycaret.internal.display.display.CommonDisplay object at 0x783fbd97d870>, model_only=True, return_train_score=False, kwargs={})
2023-07-29 13:26:42,141:INFO:Checking exceptions
2023-07-29 13:26:42,141:INFO:Importing libraries
2023-07-29 13:26:42,141:INFO:Copying training dataset
2023-07-29 13:26:42,157:INFO:Defining folds
2023-07-29 13:26:42,157:INFO:Declaring metric variables
2023-07-29 13:26:42,165:INFO:Importing untrained model
2023-07-29 13:26:42,175:INFO:AdaBoost Regressor Imported successfully
2023-07-29 13:26:42,200:INFO:Starting cross validation
2023-07-29 13:26:42,201:INFO:Cross validating with KFold(n_splits=10, random_state=None, shuffle=False), n_jobs=-1
2023-07-29 13:26:44,989:INFO:Calculating mean and std
2023-07-29 13:26:44,991:INFO:Creating metrics dataframe
2023-07-29 13:26:45,019:INFO:Uploading results into container
2023-07-29 13:26:45,023:INFO:Uploading model into container now
2023-07-29 13:26:45,023:INFO:_master_model_container: 15
2023-07-29 13:26:45,023:INFO:_display_container: 2
2023-07-29 13:26:45,024:INFO:AdaBoostRegressor(random_state=7791)
2023-07-29 13:26:45,024:INFO:create_model() successfully completed......................................
2023-07-29 13:26:45,342:INFO:SubProcess create_model() end ==================================
2023-07-29 13:26:45,343:INFO:Creating metrics dataframe
2023-07-29 13:26:45,368:INFO:Initializing Gradient Boosting Regressor
2023-07-29 13:26:45,368:INFO:Total runtime is 0.760093573729197 minutes
2023-07-29 13:26:45,380:INFO:SubProcess create_model() called ==================================
2023-07-29 13:26:45,381:INFO:Initializing create_model()
2023-07-29 13:26:45,381:INFO:create_model(self=<pycaret.regression.oop.RegressionExperiment object at 0x783ffa6653f0>, estimator=gbr, fold=KFold(n_splits=10, random_state=None, shuffle=False), round=4, cross_validation=True, predict=True, fit_kwargs={}, groups=None, refit=False, probability_threshold=None, experiment_custom_tags=None, verbose=False, system=False, add_to_model_list=True, metrics=None, display=<pycaret.internal.display.display.CommonDisplay object at 0x783fbd97d870>, model_only=True, return_train_score=False, kwargs={})
2023-07-29 13:26:45,381:INFO:Checking exceptions
2023-07-29 13:26:45,381:INFO:Importing libraries
2023-07-29 13:26:45,381:INFO:Copying training dataset
2023-07-29 13:26:45,393:INFO:Defining folds
2023-07-29 13:26:45,393:INFO:Declaring metric variables
2023-07-29 13:26:45,412:INFO:Importing untrained model
2023-07-29 13:26:45,424:INFO:Gradient Boosting Regressor Imported successfully
2023-07-29 13:26:45,436:INFO:Starting cross validation
2023-07-29 13:26:45,438:INFO:Cross validating with KFold(n_splits=10, random_state=None, shuffle=False), n_jobs=-1
2023-07-29 13:26:48,577:INFO:Calculating mean and std
2023-07-29 13:26:48,580:INFO:Creating metrics dataframe
2023-07-29 13:26:48,613:INFO:Uploading results into container
2023-07-29 13:26:48,624:INFO:Uploading model into container now
2023-07-29 13:26:48,624:INFO:_master_model_container: 16
2023-07-29 13:26:48,625:INFO:_display_container: 2
2023-07-29 13:26:48,625:INFO:GradientBoostingRegressor(random_state=7791)
2023-07-29 13:26:48,625:INFO:create_model() successfully completed......................................
2023-07-29 13:26:48,870:INFO:SubProcess create_model() end ==================================
2023-07-29 13:26:48,871:INFO:Creating metrics dataframe
2023-07-29 13:26:48,892:INFO:Initializing Extreme Gradient Boosting
2023-07-29 13:26:48,892:INFO:Total runtime is 0.8188300053278603 minutes
2023-07-29 13:26:48,898:INFO:SubProcess create_model() called ==================================
2023-07-29 13:26:48,898:INFO:Initializing create_model()
2023-07-29 13:26:48,898:INFO:create_model(self=<pycaret.regression.oop.RegressionExperiment object at 0x783ffa6653f0>, estimator=xgboost, fold=KFold(n_splits=10, random_state=None, shuffle=False), round=4, cross_validation=True, predict=True, fit_kwargs={}, groups=None, refit=False, probability_threshold=None, experiment_custom_tags=None, verbose=False, system=False, add_to_model_list=True, metrics=None, display=<pycaret.internal.display.display.CommonDisplay object at 0x783fbd97d870>, model_only=True, return_train_score=False, kwargs={})
2023-07-29 13:26:48,898:INFO:Checking exceptions
2023-07-29 13:26:48,898:INFO:Importing libraries
2023-07-29 13:26:48,898:INFO:Copying training dataset
2023-07-29 13:26:48,906:INFO:Defining folds
2023-07-29 13:26:48,906:INFO:Declaring metric variables
2023-07-29 13:26:48,925:INFO:Importing untrained model
2023-07-29 13:26:48,952:INFO:Extreme Gradient Boosting Imported successfully
2023-07-29 13:26:48,966:INFO:Starting cross validation
2023-07-29 13:26:48,968:INFO:Cross validating with KFold(n_splits=10, random_state=None, shuffle=False), n_jobs=-1
2023-07-29 13:26:52,276:INFO:Calculating mean and std
2023-07-29 13:26:52,278:INFO:Creating metrics dataframe
2023-07-29 13:26:52,309:INFO:Uploading results into container
2023-07-29 13:26:52,310:INFO:Uploading model into container now
2023-07-29 13:26:52,310:INFO:_master_model_container: 17
2023-07-29 13:26:52,310:INFO:_display_container: 2
2023-07-29 13:26:52,312:INFO:XGBRegressor(base_score=None, booster='gbtree', callbacks=None,
             colsample_bylevel=None, colsample_bynode=None,
             colsample_bytree=None, early_stopping_rounds=None,
             enable_categorical=False, eval_metric=None, feature_types=None,
             gamma=None, gpu_id=None, grow_policy=None, importance_type=None,
             interaction_constraints=None, learning_rate=None, max_bin=None,
             max_cat_threshold=None, max_cat_to_onehot=None,
             max_delta_step=None, max_depth=None, max_leaves=None,
             min_child_weight=None, missing=nan, monotone_constraints=None,
             n_estimators=100, n_jobs=-1, num_parallel_tree=None,
             predictor=None, random_state=7791, ...)
2023-07-29 13:26:52,312:INFO:create_model() successfully completed......................................
2023-07-29 13:26:52,452:INFO:SubProcess create_model() end ==================================
2023-07-29 13:26:52,452:INFO:Creating metrics dataframe
2023-07-29 13:26:52,477:INFO:Initializing Light Gradient Boosting Machine
2023-07-29 13:26:52,478:INFO:Total runtime is 0.87859091758728 minutes
2023-07-29 13:26:52,483:INFO:SubProcess create_model() called ==================================
2023-07-29 13:26:52,483:INFO:Initializing create_model()
2023-07-29 13:26:52,484:INFO:create_model(self=<pycaret.regression.oop.RegressionExperiment object at 0x783ffa6653f0>, estimator=lightgbm, fold=KFold(n_splits=10, random_state=None, shuffle=False), round=4, cross_validation=True, predict=True, fit_kwargs={}, groups=None, refit=False, probability_threshold=None, experiment_custom_tags=None, verbose=False, system=False, add_to_model_list=True, metrics=None, display=<pycaret.internal.display.display.CommonDisplay object at 0x783fbd97d870>, model_only=True, return_train_score=False, kwargs={})
2023-07-29 13:26:52,484:INFO:Checking exceptions
2023-07-29 13:26:52,484:INFO:Importing libraries
2023-07-29 13:26:52,484:INFO:Copying training dataset
2023-07-29 13:26:52,496:INFO:Defining folds
2023-07-29 13:26:52,496:INFO:Declaring metric variables
2023-07-29 13:26:52,502:INFO:Importing untrained model
2023-07-29 13:26:52,509:INFO:Light Gradient Boosting Machine Imported successfully
2023-07-29 13:26:52,521:INFO:Starting cross validation
2023-07-29 13:26:52,522:INFO:Cross validating with KFold(n_splits=10, random_state=None, shuffle=False), n_jobs=-1
2023-07-29 13:26:54,126:INFO:Calculating mean and std
2023-07-29 13:26:54,128:INFO:Creating metrics dataframe
2023-07-29 13:26:54,144:INFO:Uploading results into container
2023-07-29 13:26:54,145:INFO:Uploading model into container now
2023-07-29 13:26:54,145:INFO:_master_model_container: 18
2023-07-29 13:26:54,145:INFO:_display_container: 2
2023-07-29 13:26:54,145:INFO:LGBMRegressor(random_state=7791)
2023-07-29 13:26:54,145:INFO:create_model() successfully completed......................................
2023-07-29 13:26:54,260:INFO:SubProcess create_model() end ==================================
2023-07-29 13:26:54,260:INFO:Creating metrics dataframe
2023-07-29 13:26:54,273:INFO:Initializing Dummy Regressor
2023-07-29 13:26:54,273:INFO:Total runtime is 0.9085083762804664 minutes
2023-07-29 13:26:54,281:INFO:SubProcess create_model() called ==================================
2023-07-29 13:26:54,281:INFO:Initializing create_model()
2023-07-29 13:26:54,281:INFO:create_model(self=<pycaret.regression.oop.RegressionExperiment object at 0x783ffa6653f0>, estimator=dummy, fold=KFold(n_splits=10, random_state=None, shuffle=False), round=4, cross_validation=True, predict=True, fit_kwargs={}, groups=None, refit=False, probability_threshold=None, experiment_custom_tags=None, verbose=False, system=False, add_to_model_list=True, metrics=None, display=<pycaret.internal.display.display.CommonDisplay object at 0x783fbd97d870>, model_only=True, return_train_score=False, kwargs={})
2023-07-29 13:26:54,281:INFO:Checking exceptions
2023-07-29 13:26:54,281:INFO:Importing libraries
2023-07-29 13:26:54,281:INFO:Copying training dataset
2023-07-29 13:26:54,286:INFO:Defining folds
2023-07-29 13:26:54,287:INFO:Declaring metric variables
2023-07-29 13:26:54,297:INFO:Importing untrained model
2023-07-29 13:26:54,306:INFO:Dummy Regressor Imported successfully
2023-07-29 13:26:54,317:INFO:Starting cross validation
2023-07-29 13:26:54,318:INFO:Cross validating with KFold(n_splits=10, random_state=None, shuffle=False), n_jobs=-1
2023-07-29 13:26:54,737:INFO:Calculating mean and std
2023-07-29 13:26:54,740:INFO:Creating metrics dataframe
2023-07-29 13:26:54,761:INFO:Uploading results into container
2023-07-29 13:26:54,762:INFO:Uploading model into container now
2023-07-29 13:26:54,762:INFO:_master_model_container: 19
2023-07-29 13:26:54,762:INFO:_display_container: 2
2023-07-29 13:26:54,762:INFO:DummyRegressor()
2023-07-29 13:26:54,762:INFO:create_model() successfully completed......................................
2023-07-29 13:26:54,879:INFO:SubProcess create_model() end ==================================
2023-07-29 13:26:54,879:INFO:Creating metrics dataframe
2023-07-29 13:26:54,914:INFO:Initializing create_model()
2023-07-29 13:26:54,914:INFO:create_model(self=<pycaret.regression.oop.RegressionExperiment object at 0x783ffa6653f0>, estimator=ExtraTreesRegressor(n_jobs=-1, random_state=7791), fold=KFold(n_splits=10, random_state=None, shuffle=False), round=4, cross_validation=False, predict=False, fit_kwargs={}, groups=None, refit=True, probability_threshold=None, experiment_custom_tags=None, verbose=False, system=False, add_to_model_list=True, metrics=None, display=None, model_only=True, return_train_score=False, kwargs={})
2023-07-29 13:26:54,914:INFO:Checking exceptions
2023-07-29 13:26:54,916:INFO:Importing libraries
2023-07-29 13:26:54,916:INFO:Copying training dataset
2023-07-29 13:26:54,920:INFO:Defining folds
2023-07-29 13:26:54,920:INFO:Declaring metric variables
2023-07-29 13:26:54,920:INFO:Importing untrained model
2023-07-29 13:26:54,920:INFO:Declaring custom model
2023-07-29 13:26:54,921:INFO:Extra Trees Regressor Imported successfully
2023-07-29 13:26:54,921:INFO:Cross validation set to False
2023-07-29 13:26:54,921:INFO:Fitting Model
2023-07-29 13:26:55,122:INFO:ExtraTreesRegressor(n_jobs=-1, random_state=7791)
2023-07-29 13:26:55,123:INFO:create_model() successfully completed......................................
2023-07-29 13:26:55,291:INFO:_master_model_container: 19
2023-07-29 13:26:55,291:INFO:_display_container: 2
2023-07-29 13:26:55,292:INFO:ExtraTreesRegressor(n_jobs=-1, random_state=7791)
2023-07-29 13:26:55,292:INFO:compare_models() successfully completed......................................
